                                                                                     
                              ABACUS v3.10.0

               Atomic-orbital Based Ab-initio Computation at UStc                    

                     Website: http://abacus.ustc.edu.cn/                             
               Documentation: https://abacus.deepmodeling.com/                       
                  Repository: https://github.com/abacusmodeling/abacus-develop       
                              https://github.com/deepmodeling/abacus-develop         
                      Commit: unknown

 Fri Mar  6 11:54:54 2026
 MAKE THE DIR         : OUT.CeZr/
 RUNNING WITH DEVICE  : CPU / Intel(R) Xeon(R) CPU Max 9462

%%%%%%%%%%%%%%%%%%%%%%%%%%%%%%%%%%%%%%%%%%%%%%%%%%%%%%%%%%%%%%%%%%%%%%%%%%%%%%%%%%%%%%%%%%%%%%%%%%%%%%%%%
 Warning: the number of valence electrons in pseudopotential > 4 for Ce: [Xe] 4f1 5d1 6s2
 Warning: the number of valence electrons in pseudopotential > 4 for Zr: [Kr] 4d2 5s2
 Pseudopotentials with additional electrons can yield (more) accurate outcomes, but may be less efficient.
 If you're confident that your chosen pseudopotential is appropriate, you can safely ignore this warning.
%%%%%%%%%%%%%%%%%%%%%%%%%%%%%%%%%%%%%%%%%%%%%%%%%%%%%%%%%%%%%%%%%%%%%%%%%%%%%%%%%%%%%%%%%%%%%%%%%%%%%%%%%

 UNIFORM GRID DIM        : 144 * 144 * 240
 UNIFORM GRID DIM(BIG)   : 36 * 36 * 48
 DONE(0.798272   SEC) : SETUP UNITCELL
 DONE(0.81992    SEC) : SYMMETRY
 DONE(0.916408   SEC) : INIT K-POINTS
 ---------------------------------------------------------
 Cell relaxation calculations
 ---------------------------------------------------------
 SPIN    KPOINTS         PROCESSORS  THREADS     NBASE       
 2       20              24          24          1431        
 ---------------------------------------------------------
 Use Systematically Improvable Atomic bases
 ---------------------------------------------------------
 ELEMENT ORBITALS        NBASE       NATOM       XC          
 O       2s2p1d-6au      13          54          
 Ce      4s2p2d1f-6au    27          26          
 Zr      4s2p2d1f-6au    27          1           
 ---------------------------------------------------------
 Initial plane wave basis and FFT box
 ---------------------------------------------------------
 DONE(0.948368   SEC) : INIT PLANEWAVE
 DONE(2.97227    SEC) : LOCAL POTENTIAL
 -------------------------------------------
 RELAX CELL : 1
 RELAX IONS : 1 (in total: 1)
 -------------------------------------------
 START CHARGE      : atomic
 DONE(6.90648    SEC) : INIT SCF
 ITER      TMAG       AMAG        ETOT/eV          EDIFF/eV         DRHO     TIME/s
 GE1      2.60e+01   2.87e+01  -5.36206784e+04   0.00000000e+00   1.9009e-01   6.06
 GE2      2.45e+01   2.70e+01  -5.36296975e+04  -9.01909253e+00   1.3205e-01   5.90
 GE3      1.64e+01   1.91e+01  -5.36021973e+04   2.75001942e+01   1.1645e-01   5.71
 GE4      2.56e+01   2.79e+01  -5.36130699e+04  -1.08725438e+01   1.1402e-01   5.71
 GE5      2.23e+01   2.34e+01  -5.36157858e+04  -2.71595192e+00   8.3440e-02   5.73
 GE6      2.65e+01   2.71e+01  -5.36175166e+04  -1.73080601e+00   6.9823e-02   5.72
 GE7      2.27e+01   2.33e+01  -5.36160771e+04   1.43955080e+00   5.5123e-02   5.73
 GE8      2.61e+01   2.65e+01  -5.36150663e+04   1.01079625e+00   4.5860e-02   5.73
 GE9      2.45e+01   2.54e+01  -5.36171252e+04  -2.05890611e+00   5.3084e-02   5.75
 GE10     2.65e+01   2.72e+01  -5.36180127e+04  -8.87524576e-01   4.2713e-02   5.75
 GE11     2.62e+01   2.70e+01  -5.36174948e+04   5.17909824e-01   4.2900e-02   5.74
 GE12     2.60e+01   2.68e+01  -5.36150212e+04   2.47361240e+00   3.6811e-02   5.76
 GE13     2.60e+01   2.68e+01  -5.36155895e+04  -5.68308270e-01   2.4629e-02   5.75
 GE14     2.60e+01   2.69e+01  -5.36153886e+04   2.00901554e-01   2.1176e-02   5.78
 GE15     2.60e+01   2.69e+01  -5.36156643e+04  -2.75734757e-01   1.5442e-02   5.77
 GE16     2.60e+01   2.68e+01  -5.36155268e+04   1.37501066e-01   1.4815e-02   5.79
 GE17     2.60e+01   2.67e+01  -5.36155157e+04   1.11387442e-02   1.3287e-02   5.77
 GE18     2.60e+01   2.67e+01  -5.36156655e+04  -1.49828254e-01   7.5883e-03   5.77
 GE19     2.60e+01   2.67e+01  -5.36157182e+04  -5.26665802e-02   7.2004e-03   5.79
 GE20     2.60e+01   2.67e+01  -5.36157294e+04  -1.11675755e-02   5.3019e-03   5.76
 GE21     2.60e+01   2.67e+01  -5.36157278e+04   1.53444857e-03   5.7165e-03   5.79
 GE22     2.60e+01   2.67e+01  -5.36157364e+04  -8.61205192e-03   4.3269e-03   5.77
 GE23     2.60e+01   2.67e+01  -5.36157113e+04   2.51085114e-02   3.6472e-03   5.76
 GE24     2.60e+01   2.67e+01  -5.36157259e+04  -1.45582066e-02   1.8890e-03   5.79
 GE25     2.60e+01   2.67e+01  -5.36157280e+04  -2.10064246e-03   1.7801e-03   5.77
 GE26     2.60e+01   2.67e+01  -5.36157293e+04  -1.31666005e-03   1.5361e-03   5.80
 GE27     2.60e+01   2.67e+01  -5.36157296e+04  -2.83477103e-04   1.1132e-03   5.78
 GE28     2.60e+01   2.67e+01  -5.36157308e+04  -1.21362752e-03   7.6241e-04   5.78
 GE29     2.60e+01   2.67e+01  -5.36157310e+04  -2.04947472e-04   6.1823e-04   5.77
 GE30     2.60e+01   2.67e+01  -5.36157314e+04  -3.61709509e-04   4.5178e-04   5.74
 GE31     2.60e+01   2.67e+01  -5.36157317e+04  -3.06688345e-04   3.9434e-04   5.79
 GE32     2.60e+01   2.67e+01  -5.36157323e+04  -5.82333846e-04   3.6181e-04   5.76
 GE33     2.60e+01   2.67e+01  -5.36157332e+04  -9.59974611e-04   2.8538e-04   5.80
 GE34     2.60e+01   2.67e+01  -5.36157343e+04  -1.12054424e-03   2.2635e-04   5.75
 GE35     2.60e+01   2.67e+01  -5.36157352e+04  -8.41452490e-04   2.0812e-04   5.77
 GE36     2.60e+01   2.67e+01  -5.36157359e+04  -6.91104831e-04   1.3411e-04   5.75
 GE37     2.60e+01   2.67e+01  -5.36157363e+04  -4.65222706e-04   1.0797e-04   5.76
 GE38     2.60e+01   2.67e+01  -5.36157370e+04  -6.21603441e-04   8.6480e-05   5.77
 GE39     2.60e+01   2.67e+01  -5.36157373e+04  -3.21787423e-04   6.4290e-05   5.76
 GE40     2.60e+01   2.67e+01  -5.36157377e+04  -3.79222549e-04   5.1784e-05   5.78
 GE41     2.60e+01   2.67e+01  -5.36157379e+04  -2.56517422e-04   4.3303e-05   5.76
 GE42     2.60e+01   2.67e+01  -5.36157381e+04  -2.08541485e-04   3.4179e-05   5.79
 GE43     2.60e+01   2.67e+01  -5.36157383e+04  -1.54006421e-04   2.6085e-05   5.79
 GE44     2.60e+01   2.67e+01  -5.36157383e+04  -7.61439879e-05   2.0636e-05   5.76
 GE45     2.60e+01   2.67e+01  -5.36157384e+04  -6.38209877e-05   1.5811e-05   5.79
 GE46     2.60e+01   2.67e+01  -5.36157384e+04  -3.84587623e-05   1.2600e-05   5.76
 GE47     2.60e+01   2.67e+01  -5.36157385e+04  -3.28011163e-05   9.9348e-06   5.78
 GE48     2.60e+01   2.67e+01  -5.36157385e+04  -2.90270135e-05   7.7754e-06   5.77
 GE49     2.60e+01   2.67e+01  -5.36157385e+04  -2.43606426e-05   5.9269e-06   5.77
 GE50     2.60e+01   2.67e+01  -5.36157386e+04  -1.96477256e-05   4.3140e-06   5.79
 GE51     2.60e+01   2.67e+01  -5.36157386e+04  -1.03192529e-05   2.6156e-06   5.77
 GE52     2.60e+01   2.67e+01  -5.36157386e+04  -5.05335276e-06   2.0724e-06   5.80
 GE53     2.60e+01   2.67e+01  -5.36157386e+04  -2.86968917e-06   1.6288e-06   5.76
 GE54     2.60e+01   2.67e+01  -5.36157386e+04  -2.57070108e-06   1.4017e-06   5.79
 GE55     2.60e+01   2.67e+01  -5.36157386e+04  -2.54679391e-06   1.1426e-06   5.77
 GE56     2.60e+01   2.67e+01  -5.36157386e+04  -1.93369634e-06   8.7722e-07   5.74
 GE57     2.60e+01   2.67e+01  -5.36157386e+04  -1.30610226e-06   6.2136e-07   5.81
 GE58     2.60e+01   2.67e+01  -5.36157386e+04  -7.66953562e-07   5.1311e-07   5.75
 GE59     2.60e+01   2.67e+01  -5.36157386e+04  -8.15584601e-07   4.1641e-07   5.77
 GE60     2.60e+01   2.67e+01  -5.36157386e+04  -7.55160844e-07   3.4148e-07   5.77
 GE61     2.60e+01   2.67e+01  -5.36157386e+04  -6.39937454e-07   2.7604e-07   5.79
 GE62     2.60e+01   2.67e+01  -5.36157386e+04  -5.06369150e-07   2.2624e-07   5.79
 GE63     2.60e+01   2.67e+01  -5.36157386e+04  -4.31238525e-07   1.9498e-07   5.77
 GE64     2.60e+01   2.67e+01  -5.36157386e+04  -4.14508457e-07   1.5395e-07   5.78
 GE65     2.60e+01   2.67e+01  -5.36157386e+04  -2.99804789e-07   1.2518e-07   5.77
 GE66     2.60e+01   2.67e+01  -5.36157386e+04  -6.42857792e-07   9.5459e-08   5.72
----------------------------------------------------------------
 TOTAL-STRESS (KBAR)                                            
----------------------------------------------------------------
         2.7164831402        -0.0002005663         0.0000770679 
        -0.0002005663         2.7159712575         0.0001172378 
         0.0000770679         0.0001172378         2.2169995265 
----------------------------------------------------------------
 TOTAL-PRESSURE: 2.549818 KBAR


 LARGEST GRAD (eV/A)  : 0.465756
 -------------------------------------------
 RELAX CELL : 1
 RELAX IONS : 2 (in total: 2)
 -------------------------------------------
 DONE(422.227245 SEC) : INIT SCF
 ITER      TMAG       AMAG        ETOT/eV          EDIFF/eV         DRHO     TIME/s
 GE1      2.60e+01   2.67e+01  -5.36157507e+04   0.00000000e+00   9.5107e-04   6.14
 GE2      2.60e+01   2.67e+01  -5.36157410e+04   9.75343917e-03   1.9868e-03   5.76
 GE3      2.60e+01   2.67e+01  -5.36157481e+04  -7.14611083e-03   1.8828e-03   5.75
 GE4      2.60e+01   2.67e+01  -5.36157561e+04  -7.96020814e-03   5.6499e-04   5.76
 GE5      2.60e+01   2.67e+01  -5.36157561e+04  -2.40654967e-06   3.2589e-04   5.75
 GE6      2.60e+01   2.67e+01  -5.36157561e+04   2.81126077e-05   2.4108e-04   5.82
 GE7      2.60e+01   2.67e+01  -5.36157560e+04   4.67493521e-05   2.0116e-04   5.76
 GE8      2.60e+01   2.67e+01  -5.36157560e+04  -7.98560644e-06   1.2846e-04   5.79
 GE9      2.60e+01   2.67e+01  -5.36157560e+04  -3.92461149e-06   8.3043e-05   5.76
 GE10     2.60e+01   2.67e+01  -5.36157560e+04   1.70193788e-06   5.9569e-05   5.78
 GE11     2.60e+01   2.67e+01  -5.36157560e+04  -5.33697814e-07   4.4774e-05   5.79
 GE12     2.60e+01   2.67e+01  -5.36157560e+04   6.44528323e-07   3.2953e-05   5.76
 GE13     2.60e+01   2.67e+01  -5.36157560e+04   2.56387665e-06   2.6636e-05   5.77
 GE14     2.60e+01   2.67e+01  -5.36157560e+04   3.04055364e-06   2.0756e-05   5.78
 GE15     2.60e+01   2.67e+01  -5.36157560e+04   2.79643944e-06   1.6746e-05   5.80
 GE16     2.60e+01   2.67e+01  -5.36157560e+04   2.20327069e-06   1.1919e-05   5.80
 GE17     2.60e+01   2.67e+01  -5.36157560e+04   2.32128448e-06   7.4695e-06   5.79
 GE18     2.60e+01   2.67e+01  -5.36157560e+04   1.72940266e-06   5.5800e-06   5.79
 GE19     2.60e+01   2.67e+01  -5.36157560e+04   1.05358590e-06   5.1072e-06   5.77
 GE20     2.60e+01   2.67e+01  -5.36157560e+04   1.06405456e-06   4.1446e-06   5.83
 GE21     2.60e+01   2.67e+01  -5.36157560e+04   1.77336240e-06   3.4813e-06   5.79
 GE22     2.60e+01   2.67e+01  -5.36157560e+04   1.65101760e-06   3.0047e-06   5.78
 GE23     2.60e+01   2.67e+01  -5.36157560e+04   1.40718800e-06   2.2785e-06   5.78
 GE24     2.60e+01   2.67e+01  -5.36157560e+04   1.42929470e-06   1.7753e-06   5.77
 GE25     2.60e+01   2.67e+01  -5.36157560e+04   8.93759306e-07   1.4928e-06   5.80
 GE26     2.60e+01   2.67e+01  -5.36157560e+04   9.78733695e-07   1.2888e-06   5.79
 GE27     2.60e+01   2.67e+01  -5.36157560e+04   1.20919285e-06   1.0306e-06   5.79
 GE28     2.60e+01   2.67e+01  -5.36157560e+04   1.20246122e-06   7.5883e-07   5.77
 GE29     2.60e+01   2.67e+01  -5.36157560e+04   1.02610874e-06   5.8521e-07   5.79
 GE30     2.60e+01   2.67e+01  -5.36157560e+04   1.05692696e-06   4.0926e-07   5.81
 GE31     2.60e+01   2.67e+01  -5.36157560e+04   6.91420772e-07   2.8277e-07   5.78
 GE32     2.60e+01   2.67e+01  -5.36157560e+04   3.71736654e-07   2.8990e-07   5.81
 GE33     2.60e+01   2.67e+01  -5.36157560e+04   3.48862742e-07   1.6578e-07   5.80
 GE34     2.60e+01   2.67e+01  -5.36157560e+04   2.24791720e-07   1.1464e-07   5.81
 GE35     2.60e+01   2.67e+01  -5.36157560e+04   1.12476293e-07   1.0073e-07   5.79
 GE36     2.60e+01   2.67e+01  -5.36157560e+04   4.34443471e-07   8.7481e-08   5.70
----------------------------------------------------------------
 TOTAL-STRESS (KBAR)                                            
----------------------------------------------------------------
         2.9482204472        -0.0002495166         0.0000537045 
        -0.0002495166         2.9477103249         0.0000966760 
         0.0000537045         0.0000966760         3.0258455906 
----------------------------------------------------------------
 TOTAL-PRESSURE: 2.973925 KBAR


 LARGEST GRAD (eV/A)  : 0.307958
 -------------------------------------------
 RELAX CELL : 1
 RELAX IONS : 3 (in total: 3)
 -------------------------------------------
 DONE(665.154057 SEC) : INIT SCF
 ITER      TMAG       AMAG        ETOT/eV          EDIFF/eV         DRHO     TIME/s
 GE1      2.60e+01   2.67e+01  -5.36157611e+04   0.00000000e+00   1.9763e-03   6.13
 GE2      2.60e+01   2.67e+01  -5.36157307e+04   3.03862797e-02   3.7797e-03   5.78
 GE3      2.60e+01   2.67e+01  -5.36157542e+04  -2.34370382e-02   3.5656e-03   5.78
 GE4      2.60e+01   2.67e+01  -5.36157820e+04  -2.78030668e-02   1.2410e-03   5.79
 GE5      2.60e+01   2.66e+01  -5.36157820e+04  -2.92026854e-05   7.0490e-04   5.78
 GE6      2.60e+01   2.66e+01  -5.36157818e+04   2.11667298e-04   5.4248e-04   5.77
 GE7      2.60e+01   2.66e+01  -5.36157815e+04   2.49110228e-04   4.4597e-04   5.79
 GE8      2.60e+01   2.66e+01  -5.36157816e+04  -2.68522965e-05   2.9924e-04   5.77
 GE9      2.60e+01   2.66e+01  -5.36157816e+04  -2.53753793e-05   1.9257e-04   5.81
 GE10     2.60e+01   2.66e+01  -5.36157816e+04  -3.82295034e-06   1.4924e-04   5.77
 GE11     2.60e+01   2.66e+01  -5.36157816e+04  -1.25674794e-05   9.7317e-05   5.78
 GE12     2.60e+01   2.66e+01  -5.36157816e+04  -2.40787991e-06   7.2193e-05   5.78
 GE13     2.60e+01   2.66e+01  -5.36157816e+04   2.96721729e-06   6.0118e-05   5.79
 GE14     2.60e+01   2.66e+01  -5.36157816e+04   1.90273581e-06   5.0577e-05   5.81
 GE15     2.60e+01   2.66e+01  -5.36157816e+04   1.60111200e-06   3.9918e-05   5.78
 GE16     2.60e+01   2.66e+01  -5.36157816e+04   3.01237115e-06   2.6830e-05   5.80
 GE17     2.60e+01   2.66e+01  -5.36157816e+04   3.44883163e-06   1.7875e-05   5.79
 GE18     2.60e+01   2.66e+01  -5.36157816e+04   2.22832248e-06   1.5639e-05   5.79
 GE19     2.60e+01   2.66e+01  -5.36157816e+04   1.34464824e-06   1.1066e-05   5.82
 GE20     2.60e+01   2.66e+01  -5.36157816e+04   1.73860296e-06   8.9778e-06   5.80
 GE21     2.60e+01   2.66e+01  -5.36157816e+04   1.83074826e-06   8.2075e-06   5.81
 GE22     2.60e+01   2.66e+01  -5.36157816e+04   1.90801346e-06   7.1583e-06   5.79
 GE23     2.60e+01   2.66e+01  -5.36157816e+04   2.69243955e-06   5.2176e-06   5.84
 GE24     2.60e+01   2.66e+01  -5.36157816e+04   2.31309888e-06   4.2318e-06   5.79
 GE25     2.60e+01   2.66e+01  -5.36157816e+04   2.08007824e-06   3.2206e-06   5.78
 GE26     2.60e+01   2.66e+01  -5.36157816e+04   1.36964434e-06   2.8691e-06   5.82
 GE27     2.60e+01   2.66e+01  -5.36157816e+04   1.78559441e-06   2.3376e-06   5.80
 GE28     2.60e+01   2.66e+01  -5.36157816e+04   1.68882730e-06   1.9371e-06   5.82
 GE29     2.60e+01   2.66e+01  -5.36157816e+04   2.14357702e-06   1.4952e-06   5.80
 GE30     2.60e+01   2.66e+01  -5.36157816e+04   2.31210893e-06   1.0411e-06   5.82
 GE31     2.60e+01   2.66e+01  -5.36157816e+04   1.47994894e-06   6.7720e-07   5.80
 GE32     2.60e+01   2.66e+01  -5.36157816e+04   7.76494155e-07   5.2942e-07   5.80
 GE33     2.60e+01   2.66e+01  -5.36157816e+04   5.97957607e-07   4.4999e-07   5.81
 GE34     2.60e+01   2.66e+01  -5.36157816e+04   5.60741869e-07   3.1665e-07   5.80
 GE35     2.60e+01   2.66e+01  -5.36157816e+04   3.75838738e-07   2.6111e-07   5.81
 GE36     2.60e+01   2.66e+01  -5.36157816e+04   3.52253303e-07   2.0470e-07   5.81
 GE37     2.60e+01   2.66e+01  -5.36157816e+04   3.14932383e-07   1.6668e-07   5.78
 GE38     2.60e+01   2.66e+01  -5.36157816e+04   2.11019113e-07   1.2463e-07   5.81
 GE39     2.60e+01   2.66e+01  -5.36157816e+04   4.54576474e-07   9.5838e-08   5.73
----------------------------------------------------------------
 TOTAL-STRESS (KBAR)                                            
----------------------------------------------------------------
         3.6504713669        -0.0004214947        -0.0000128875 
        -0.0004214947         3.6499345250         0.0000454449 
        -0.0000128875         0.0000454449         5.2706076672 
----------------------------------------------------------------
 TOTAL-PRESSURE: 4.190338 KBAR


 LARGEST GRAD (eV/A)  : 0.207877
 -------------------------------------------
 RELAX CELL : 1
 RELAX IONS : 4 (in total: 4)
 -------------------------------------------
 DONE(926.049092 SEC) : INIT SCF
 ITER      TMAG       AMAG        ETOT/eV          EDIFF/eV         DRHO     TIME/s
 GE1      2.60e+01   2.66e+01  -5.36157435e+04   0.00000000e+00   2.6439e-03   6.14
 GE2      2.60e+01   2.67e+01  -5.36156626e+04   8.09042109e-02   5.5419e-03   5.83
 GE3      2.60e+01   2.67e+01  -5.36157216e+04  -5.89952732e-02   5.4690e-03   5.77
 GE4      2.60e+01   2.66e+01  -5.36157858e+04  -6.42293958e-02   1.5314e-03   5.78
 GE5      2.60e+01   2.66e+01  -5.36157854e+04   4.26115090e-04   9.2076e-04   5.78
 GE6      2.60e+01   2.66e+01  -5.36157853e+04   7.42989163e-05   6.5115e-04   5.77
 GE7      2.60e+01   2.66e+01  -5.36157851e+04   2.20107115e-04   5.4453e-04   5.79
 GE8      2.60e+01   2.66e+01  -5.36157851e+04  -3.61849951e-05   3.5576e-04   5.78
 GE9      2.60e+01   2.66e+01  -5.36157852e+04  -7.97130483e-05   2.2493e-04   5.80
 GE10     2.60e+01   2.66e+01  -5.36157852e+04  -3.23545088e-05   1.6617e-04   5.78
 GE11     2.60e+01   2.66e+01  -5.36157853e+04  -4.29842208e-05   1.3853e-04   5.78
 GE12     2.60e+01   2.66e+01  -5.36157853e+04  -3.38398406e-05   9.2433e-05   5.78
 GE13     2.60e+01   2.66e+01  -5.36157854e+04  -2.97481264e-05   8.3467e-05   5.78
 GE14     2.60e+01   2.66e+01  -5.36157854e+04  -2.96635913e-05   6.6728e-05   5.81
 GE15     2.60e+01   2.66e+01  -5.36157854e+04  -3.36385477e-05   5.5009e-05   5.78
 GE16     2.60e+01   2.66e+01  -5.36157855e+04  -3.61070927e-05   4.2385e-05   5.81
 GE17     2.60e+01   2.66e+01  -5.36157855e+04  -1.50806771e-05   2.3649e-05   5.78
 GE18     2.60e+01   2.66e+01  -5.36157855e+04  -8.11486848e-06   1.8186e-05   5.79
 GE19     2.60e+01   2.66e+01  -5.36157855e+04  -9.16756962e-06   1.5229e-05   5.80
 GE20     2.60e+01   2.66e+01  -5.36157855e+04  -7.91980604e-06   1.1681e-05   5.79
 GE21     2.60e+01   2.66e+01  -5.36157855e+04  -7.07863137e-06   1.0140e-05   5.85
 GE22     2.60e+01   2.66e+01  -5.36157855e+04  -6.90289141e-06   8.8513e-06   5.79
 GE23     2.60e+01   2.66e+01  -5.36157855e+04  -6.77377786e-06   7.4815e-06   5.79
 GE24     2.60e+01   2.66e+01  -5.36157855e+04  -6.19268025e-06   5.6660e-06   5.80
 GE25     2.60e+01   2.66e+01  -5.36157855e+04  -3.54568536e-06   4.2948e-06   5.80
 GE26     2.60e+01   2.66e+01  -5.36157855e+04  -2.13373944e-06   3.6746e-06   5.83
 GE27     2.60e+01   2.66e+01  -5.36157855e+04  -2.29975318e-06   3.2851e-06   5.80
 GE28     2.60e+01   2.66e+01  -5.36157855e+04  -3.97980710e-06   2.8530e-06   5.81
 GE29     2.60e+01   2.66e+01  -5.36157855e+04  -4.09070567e-06   2.1826e-06   5.82
 GE30     2.60e+01   2.66e+01  -5.36157855e+04  -3.73054518e-06   1.5444e-06   5.78
 GE31     2.60e+01   2.66e+01  -5.36157855e+04  -2.77314480e-06   9.8658e-07   5.83
 GE32     2.60e+01   2.66e+01  -5.36157855e+04  -1.36494210e-06   7.2599e-07   5.79
 GE33     2.60e+01   2.66e+01  -5.36157855e+04  -1.18083712e-06   6.1047e-07   5.80
 GE34     2.60e+01   2.66e+01  -5.36157855e+04  -1.05538636e-06   4.2539e-07   5.79
 GE35     2.60e+01   2.66e+01  -5.36157855e+04  -7.68828270e-07   3.2037e-07   5.84
 GE36     2.60e+01   2.66e+01  -5.36157856e+04  -5.25833940e-07   2.5597e-07   5.81
 GE37     2.60e+01   2.66e+01  -5.36157856e+04  -2.98239438e-07   2.0239e-07   5.80
 GE38     2.60e+01   2.66e+01  -5.36157856e+04  -2.58963378e-07   1.7737e-07   5.83
 GE39     2.60e+01   2.66e+01  -5.36157856e+04  -2.95739828e-07   1.2856e-07   5.82
 GE40     2.60e+01   2.66e+01  -5.36157856e+04  -5.74601096e-07   9.1530e-08   5.77
----------------------------------------------------------------
 TOTAL-STRESS (KBAR)                                            
----------------------------------------------------------------
         3.6750392591        -0.0004427074        -0.0000081714 
        -0.0004427074         3.6744709891         0.0000452637 
        -0.0000081714         0.0000452637         5.1077513279 
----------------------------------------------------------------
 TOTAL-PRESSURE: 4.152421 KBAR


 LARGEST GRAD (eV/A)  : 0.166800
 -------------------------------------------
 RELAX CELL : 1
 RELAX IONS : 5 (in total: 5)
 -------------------------------------------
 DONE(1192.871583 SEC) : INIT SCF
 ITER      TMAG       AMAG        ETOT/eV          EDIFF/eV         DRHO     TIME/s
 GE1      2.60e+01   2.66e+01  -5.36157962e+04   0.00000000e+00   1.3953e-03   6.14
 GE2      2.60e+01   2.67e+01  -5.36157810e+04   1.51180965e-02   2.2376e-03   5.78
 GE3      2.60e+01   2.67e+01  -5.36157852e+04  -4.12773427e-03   2.5859e-03   5.79
 GE4      2.60e+01   2.67e+01  -5.36157990e+04  -1.38729757e-02   1.1244e-03   5.81
 GE5      2.60e+01   2.67e+01  -5.36157990e+04  -6.95096561e-06   8.3967e-04   5.78
 GE6      2.60e+01   2.67e+01  -5.36157990e+04   6.64085116e-05   5.3920e-04   5.83
 GE7      2.60e+01   2.67e+01  -5.36157987e+04   2.73887235e-04   4.0858e-04   5.80
 GE8      2.60e+01   2.67e+01  -5.36157988e+04  -1.23785553e-04   2.2319e-04   5.79
 GE9      2.60e+01   2.67e+01  -5.36157989e+04  -4.93773958e-05   1.3818e-04   5.80
 GE10     2.60e+01   2.67e+01  -5.36157989e+04  -1.78966679e-05   1.2001e-04   5.80
 GE11     2.60e+01   2.67e+01  -5.36157989e+04  -1.36281929e-05   1.0026e-04   5.80
 GE12     2.60e+01   2.67e+01  -5.36157989e+04  -8.36182259e-06   8.0871e-05   5.78
 GE13     2.60e+01   2.67e+01  -5.36157989e+04  -4.85611863e-06   6.5617e-05   5.80
 GE14     2.60e+01   2.67e+01  -5.36157989e+04  -8.11530158e-06   5.0947e-05   5.80
 GE15     2.60e+01   2.67e+01  -5.36157989e+04  -7.59965789e-06   2.7434e-05   5.79
 GE16     2.60e+01   2.67e+01  -5.36157989e+04  -3.80121487e-06   1.9298e-05   5.81
 GE17     2.60e+01   2.67e+01  -5.36157989e+04  -3.65545168e-06   1.5631e-05   5.79
 GE18     2.60e+01   2.67e+01  -5.36157990e+04  -2.91637125e-06   1.2649e-05   5.82
 GE19     2.60e+01   2.67e+01  -5.36157990e+04  -2.71721292e-06   1.1043e-05   5.80
 GE20     2.60e+01   2.67e+01  -5.36157990e+04  -2.94496210e-06   6.4310e-06   5.83
 GE21     2.60e+01   2.67e+01  -5.36157990e+04  -1.51045781e-06   4.2870e-06   5.81
 GE22     2.60e+01   2.67e+01  -5.36157990e+04  -5.70765060e-07   3.7127e-06   5.79
 GE23     2.60e+01   2.67e+01  -5.36157990e+04  -7.53341821e-07   3.2145e-06   5.83
 GE24     2.60e+01   2.67e+01  -5.36157990e+04  -1.07968332e-06   2.5800e-06   5.81
 GE25     2.60e+01   2.67e+01  -5.36157990e+04  -1.04204685e-06   1.8775e-06   5.85
 GE26     2.60e+01   2.67e+01  -5.36157990e+04  -7.71983719e-07   1.4975e-06   5.80
 GE27     2.60e+01   2.67e+01  -5.36157990e+04  -4.48605869e-07   1.1251e-06   5.80
 GE28     2.60e+01   2.67e+01  -5.36157990e+04  -2.43470741e-07   9.8513e-07   5.82
 GE29     2.60e+01   2.67e+01  -5.36157990e+04  -2.68664837e-07   8.6134e-07   5.80
 GE30     2.60e+01   2.67e+01  -5.36157990e+04  -4.83074510e-07   7.5534e-07   5.84
 GE31     2.60e+01   2.67e+01  -5.36157990e+04  -5.98873306e-07   5.2931e-07   5.82
 GE32     2.60e+01   2.67e+01  -5.36157990e+04  -3.31625327e-07   4.4214e-07   5.83
 GE33     2.60e+01   2.67e+01  -5.36157990e+04  -1.80714427e-07   2.9874e-07   5.82
 GE34     2.60e+01   2.67e+01  -5.36157990e+04  -1.63984359e-07   2.6839e-07   5.81
 GE35     2.60e+01   2.67e+01  -5.36157990e+04  -1.80151396e-07   2.0132e-07   5.82
 GE36     2.60e+01   2.67e+01  -5.36157990e+04  -1.23588424e-07   1.4911e-07   5.80
 GE37     2.60e+01   2.67e+01  -5.36157990e+04  -6.88073521e-08   1.2880e-07   5.82
 GE38     2.60e+01   2.67e+01  -5.36157990e+04  -1.85249612e-07   8.9047e-08   5.73
----------------------------------------------------------------
 TOTAL-STRESS (KBAR)                                            
----------------------------------------------------------------
         3.5411159260        -0.0005380184         0.0000411135 
        -0.0005380184         3.5403310789         0.0000581654 
         0.0000411135         0.0000581654         3.2001864803 
----------------------------------------------------------------
 TOTAL-PRESSURE: 3.427211 KBAR


 LARGEST GRAD (eV/A)  : 0.096791
 -------------------------------------------
 RELAX CELL : 1
 RELAX IONS : 6 (in total: 6)
 -------------------------------------------
 DONE(1448.292667 SEC) : INIT SCF
 ITER      TMAG       AMAG        ETOT/eV          EDIFF/eV         DRHO     TIME/s
 GE1      2.60e+01   2.67e+01  -5.36157992e+04   0.00000000e+00   1.4233e-03   6.16
 GE2      2.60e+01   2.66e+01  -5.36157900e+04   9.15340205e-03   1.6931e-03   5.76
 GE3      2.60e+01   2.67e+01  -5.36157853e+04   4.76195185e-03   2.7060e-03   5.81
 GE4      2.60e+01   2.67e+01  -5.36158010e+04  -1.57442891e-02   1.2072e-03   5.79
 GE5      2.60e+01   2.67e+01  -5.36158012e+04  -2.21675182e-04   8.0577e-04   5.78
 GE6      2.60e+01   2.67e+01  -5.36158010e+04   2.61768850e-04   5.3598e-04   5.79
 GE7      2.60e+01   2.67e+01  -5.36158006e+04   3.60550636e-04   4.4162e-04   5.80
 GE8      2.60e+01   2.67e+01  -5.36158008e+04  -1.35786066e-04   2.7142e-04   5.79
 GE9      2.60e+01   2.67e+01  -5.36158008e+04  -3.27931472e-05   1.7744e-04   5.79
 GE10     2.60e+01   2.67e+01  -5.36158008e+04  -3.12215356e-05   1.6601e-04   5.81
 GE11     2.60e+01   2.67e+01  -5.36158008e+04  -1.51049245e-05   1.0489e-04   5.79
 GE12     2.60e+01   2.67e+01  -5.36158008e+04   4.68410953e-06   8.3975e-05   5.82
 GE13     2.60e+01   2.67e+01  -5.36158008e+04   5.22391406e-06   6.2861e-05   5.78
 GE14     2.60e+01   2.67e+01  -5.36158008e+04   7.03170180e-07   5.4308e-05   5.79
 GE15     2.60e+01   2.67e+01  -5.36158008e+04  -1.94421450e-06   2.9227e-05   5.81
 GE16     2.60e+01   2.67e+01  -5.36158008e+04  -5.33623568e-07   2.2390e-05   5.80
 GE17     2.60e+01   2.67e+01  -5.36158008e+04  -1.03709713e-06   1.7098e-05   5.84
 GE18     2.60e+01   2.67e+01  -5.36158008e+04   5.55872578e-07   1.4355e-05   5.79
 GE19     2.60e+01   2.67e+01  -5.36158008e+04  -5.82068992e-07   1.1047e-05   5.82
 GE20     2.60e+01   2.67e+01  -5.36158008e+04   2.92745245e-07   6.7919e-06   5.80
 GE21     2.60e+01   2.67e+01  -5.36158008e+04   1.95408920e-07   5.2716e-06   5.81
 GE22     2.60e+01   2.67e+01  -5.36158008e+04  -2.12466907e-07   4.3975e-06   5.83
 GE23     2.60e+01   2.67e+01  -5.36158008e+04  -9.58080971e-08   3.4852e-06   5.85
 GE24     2.60e+01   2.67e+01  -5.36158008e+04  -1.33939534e-07   2.6342e-06   5.82
 GE25     2.60e+01   2.67e+01  -5.36158008e+04   4.95838612e-08   2.0162e-06   5.81
 GE26     2.60e+01   2.67e+01  -5.36158008e+04  -5.46573284e-08   1.7230e-06   5.84
 GE27     2.60e+01   2.67e+01  -5.36158008e+04  -8.70718340e-08   1.4574e-06   5.84
 GE28     2.60e+01   2.67e+01  -5.36158008e+04  -2.05562042e-07   1.3377e-06   5.82
 GE29     2.60e+01   2.67e+01  -5.36158008e+04  -1.05187824e-07   1.0520e-06   5.86
 GE30     2.60e+01   2.67e+01  -5.36158008e+04  -8.39658822e-08   7.2609e-07   5.81
 GE31     2.60e+01   2.67e+01  -5.36158008e+04  -2.69264991e-08   5.1222e-07   5.84
 GE32     2.60e+01   2.67e+01  -5.36158008e+04  -1.88151387e-08   4.4611e-07   5.82
 GE33     2.60e+01   2.67e+01  -5.36158008e+04  -7.90904039e-08   3.8064e-07   5.82
 GE34     2.60e+01   2.67e+01  -5.36158008e+04  -1.48862952e-08   2.6708e-07   5.83
 GE35     2.60e+01   2.67e+01  -5.36158008e+04  -1.20773268e-08   2.1712e-07   5.80
 GE36     2.60e+01   2.67e+01  -5.36158008e+04  -3.04098674e-08   1.8091e-07   5.83
 GE37     2.60e+01   2.67e+01  -5.36158008e+04  -2.59736772e-08   1.5071e-07   5.80
 GE38     2.60e+01   2.67e+01  -5.36158008e+04  -1.75925569e-07   9.4517e-08   5.81
----------------------------------------------------------------
 TOTAL-STRESS (KBAR)                                            
----------------------------------------------------------------
         3.3685206713        -0.0005449933         0.0000608273 
        -0.0005449933         3.3677098125         0.0000560515 
         0.0000608273         0.0000560515         2.4996395276 
----------------------------------------------------------------
 TOTAL-PRESSURE: 3.078623 KBAR


 LARGEST GRAD (eV/A)  : 0.105707
 -------------------------------------------
 RELAX CELL : 1
 RELAX IONS : 7 (in total: 7)
 -------------------------------------------
 DONE(1704.043912 SEC) : INIT SCF
 ITER      TMAG       AMAG        ETOT/eV          EDIFF/eV         DRHO     TIME/s
 GE1      2.60e+01   2.67e+01  -5.36158015e+04   0.00000000e+00   5.0170e-04   6.15
 GE2      2.60e+01   2.67e+01  -5.36158002e+04   1.23385146e-03   1.0894e-03   5.79
 GE3      2.60e+01   2.67e+01  -5.36158027e+04  -2.48528985e-03   6.7273e-04   5.79
 GE4      2.60e+01   2.67e+01  -5.36158034e+04  -6.96551155e-04   1.7821e-04   5.83
 GE5      2.60e+01   2.67e+01  -5.36158034e+04   1.10055197e-05   1.6893e-04   5.79
 GE6      2.60e+01   2.67e+01  -5.36158034e+04  -3.93793862e-07   1.3435e-04   5.81
 GE7      2.60e+01   2.67e+01  -5.36158034e+04  -1.08180180e-05   9.3515e-05   5.81
 GE8      2.60e+01   2.67e+01  -5.36158034e+04  -1.15582307e-05   5.7377e-05   5.78
 GE9      2.60e+01   2.67e+01  -5.36158034e+04  -7.87725698e-06   4.3447e-05   5.80
 GE10     2.60e+01   2.67e+01  -5.36158034e+04  -3.87876467e-06   3.6226e-05   5.79
 GE11     2.60e+01   2.67e+01  -5.36158034e+04  -3.20775532e-06   2.8665e-05   5.81
 GE12     2.60e+01   2.67e+01  -5.36158034e+04  -4.59993947e-06   2.5522e-05   5.78
 GE13     2.60e+01   2.67e+01  -5.36158034e+04  -5.00042165e-06   2.2752e-05   5.80
 GE14     2.60e+01   2.67e+01  -5.36158034e+04  -5.94120952e-06   1.6621e-05   5.80
 GE15     2.60e+01   2.67e+01  -5.36158035e+04  -3.97308166e-06   9.1748e-06   5.79
 GE16     2.60e+01   2.67e+01  -5.36158035e+04  -1.91720757e-06   5.5971e-06   5.81
 GE17     2.60e+01   2.67e+01  -5.36158035e+04  -1.62088615e-06   4.3843e-06   5.79
 GE18     2.60e+01   2.67e+01  -5.36158035e+04  -1.44272702e-06   3.7227e-06   5.82
 GE19     2.60e+01   2.67e+01  -5.36158035e+04  -1.60737959e-06   3.0157e-06   5.79
 GE20     2.60e+01   2.67e+01  -5.36158035e+04  -2.19462104e-06   2.1757e-06   5.79
 GE21     2.60e+01   2.67e+01  -5.36158035e+04  -1.71663856e-06   1.4852e-06   5.85
 GE22     2.60e+01   2.67e+01  -5.36158035e+04  -7.47377403e-07   1.3012e-06   5.79
 GE23     2.60e+01   2.67e+01  -5.36158035e+04  -4.37289563e-07   1.0241e-06   5.81
 GE24     2.60e+01   2.67e+01  -5.36158035e+04  -4.82127876e-07   8.9204e-07   5.78
 GE25     2.60e+01   2.67e+01  -5.36158035e+04  -6.64469524e-07   7.8358e-07   5.82
 GE26     2.60e+01   2.67e+01  -5.36158035e+04  -7.59207244e-07   6.8668e-07   5.81
 GE27     2.60e+01   2.67e+01  -5.36158035e+04  -7.20457091e-07   5.2352e-07   5.80
 GE28     2.60e+01   2.67e+01  -5.36158035e+04  -6.20726338e-07   4.1143e-07   5.83
 GE29     2.60e+01   2.67e+01  -5.36158035e+04  -4.44231551e-07   3.3486e-07   5.80
 GE30     2.60e+01   2.67e+01  -5.36158035e+04  -4.96092285e-07   2.7939e-07   5.82
 GE31     2.60e+01   2.67e+01  -5.36158035e+04  -5.48064388e-07   1.8536e-07   5.80
 GE32     2.60e+01   2.67e+01  -5.36158035e+04  -4.04497640e-07   1.4717e-07   5.78
 GE33     2.60e+01   2.67e+01  -5.36158035e+04  -3.55953221e-07   1.0065e-07   5.82
 GE34     2.60e+01   2.67e+01  -5.36158035e+04  -5.07229164e-07   7.0130e-08   5.73
----------------------------------------------------------------
 TOTAL-STRESS (KBAR)                                            
----------------------------------------------------------------
         2.9151228280        -0.0005657167         0.0001008492 
        -0.0005657167         2.9142670663         0.0000437873 
         0.0001008492         0.0000437873         1.1677721406 
----------------------------------------------------------------
 TOTAL-PRESSURE: 2.332387 KBAR


 LARGEST GRAD (eV/A)  : 0.064380
 -------------------------------------------
 RELAX CELL : 1
 RELAX IONS : 8 (in total: 8)
 -------------------------------------------
 DONE(1936.088043 SEC) : INIT SCF
 ITER      TMAG       AMAG        ETOT/eV          EDIFF/eV         DRHO     TIME/s
 GE1      2.60e+01   2.67e+01  -5.36158015e+04   0.00000000e+00   6.5028e-04   6.11
 GE2      2.60e+01   2.67e+01  -5.36157979e+04   3.69241945e-03   1.4575e-03   5.78
 GE3      2.60e+01   2.67e+01  -5.36158023e+04  -4.42448212e-03   1.0612e-03   5.76
 GE4      2.60e+01   2.67e+01  -5.36158044e+04  -2.09828452e-03   2.6253e-04   5.78
 GE5      2.60e+01   2.67e+01  -5.36158043e+04   3.04219943e-05   2.2834e-04   5.79
 GE6      2.60e+01   2.67e+01  -5.36158043e+04   1.61339660e-05   1.8092e-04   5.76
 GE7      2.60e+01   2.67e+01  -5.36158043e+04   1.40486410e-05   1.4449e-04   5.78
 GE8      2.60e+01   2.67e+01  -5.36158043e+04  -1.04418946e-05   7.8697e-05   5.76
 GE9      2.60e+01   2.67e+01  -5.36158043e+04   1.67798122e-06   5.3773e-05   5.81
 GE10     2.60e+01   2.67e+01  -5.36158043e+04   4.00395557e-07   4.0295e-05   5.78
 GE11     2.60e+01   2.67e+01  -5.36158043e+04   1.73728510e-06   3.2956e-05   5.78
 GE12     2.60e+01   2.67e+01  -5.36158043e+04   3.58787557e-06   2.8418e-05   5.77
 GE13     2.60e+01   2.67e+01  -5.36158043e+04   5.29542520e-06   2.2325e-05   5.77
 GE14     2.60e+01   2.67e+01  -5.36158043e+04   4.20095459e-06   1.8120e-05   5.80
 GE15     2.60e+01   2.67e+01  -5.36158043e+04   2.82079827e-06   8.9182e-06   5.77
 GE16     2.60e+01   2.67e+01  -5.36158043e+04   1.42458628e-06   6.3204e-06   5.80
 GE17     2.60e+01   2.67e+01  -5.36158043e+04   1.53294193e-06   5.4354e-06   5.77
 GE18     2.60e+01   2.67e+01  -5.36158043e+04   1.60014681e-06   4.9475e-06   5.77
 GE19     2.60e+01   2.67e+01  -5.36158043e+04   1.88134682e-06   3.9966e-06   5.81
 GE20     2.60e+01   2.67e+01  -5.36158043e+04   2.65487114e-06   2.6603e-06   5.79
 GE21     2.60e+01   2.67e+01  -5.36158043e+04   1.72008481e-06   2.0418e-06   5.79
 GE22     2.60e+01   2.67e+01  -5.36158043e+04   8.48766314e-07   1.5685e-06   5.78
 GE23     2.60e+01   2.67e+01  -5.36158043e+04   6.65317165e-07   1.2223e-06   5.81
 GE24     2.60e+01   2.67e+01  -5.36158043e+04   5.64293296e-07   1.0776e-06   5.80
 GE25     2.60e+01   2.67e+01  -5.36158043e+04   7.90464751e-07   9.4417e-07   5.80
 GE26     2.60e+01   2.67e+01  -5.36158043e+04   9.73926275e-07   7.8539e-07   5.82
 GE27     2.60e+01   2.67e+01  -5.36158043e+04   9.07983576e-07   6.1966e-07   5.79
 GE28     2.60e+01   2.67e+01  -5.36158043e+04   6.10152490e-07   4.9132e-07   5.84
 GE29     2.60e+01   2.67e+01  -5.36158043e+04   3.88528593e-07   4.1951e-07   5.81
 GE30     2.60e+01   2.67e+01  -5.36158043e+04   4.53753582e-07   3.7220e-07   5.80
 GE31     2.60e+01   2.67e+01  -5.36158043e+04   5.91665270e-07   2.8530e-07   5.81
 GE32     2.60e+01   2.67e+01  -5.36158043e+04   6.03389929e-07   2.4900e-07   5.81
 GE33     2.60e+01   2.67e+01  -5.36158043e+04   4.78304214e-07   1.5607e-07   5.81
 GE34     2.60e+01   2.67e+01  -5.36158043e+04   3.82440432e-07   1.3000e-07   5.82
 GE35     2.60e+01   2.67e+01  -5.36158043e+04   6.26635071e-07   8.5302e-08   5.77
----------------------------------------------------------------
 TOTAL-STRESS (KBAR)                                            
----------------------------------------------------------------
         2.6998707153        -0.0005719463         0.0001168733 
        -0.0005719463         2.6990049017         0.0000348786 
         0.0001168733         0.0000348786         0.7993485695 
----------------------------------------------------------------
 TOTAL-PRESSURE: 2.066075 KBAR


 LARGEST GRAD (eV/A)  : 0.053769
 -------------------------------------------
 RELAX CELL : 1
 RELAX IONS : 9 (in total: 9)
 -------------------------------------------
 DONE(2173.612353 SEC) : INIT SCF
 ITER      TMAG       AMAG        ETOT/eV          EDIFF/eV         DRHO     TIME/s
 GE1      2.60e+01   2.67e+01  -5.36158052e+04   0.00000000e+00   1.2850e-04   6.11
 GE2      2.60e+01   2.67e+01  -5.36158050e+04   2.15511699e-04   2.5647e-04   5.79
 GE3      2.60e+01   2.67e+01  -5.36158052e+04  -1.56368052e-04   2.2586e-04   5.78
 GE4      2.60e+01   2.67e+01  -5.36158053e+04  -7.88093833e-05   9.4587e-05   5.80
 GE5      2.60e+01   2.67e+01  -5.36158053e+04   2.58885419e-06   6.1479e-05   5.77
 GE6      2.60e+01   2.67e+01  -5.36158052e+04   5.36844601e-06   4.6592e-05   5.79
 GE7      2.60e+01   2.67e+01  -5.36158052e+04   1.37154999e-06   3.8063e-05   5.78
 GE8      2.60e+01   2.67e+01  -5.36158052e+04  -1.17107379e-06   1.9539e-05   5.76
 GE9      2.60e+01   2.67e+01  -5.36158052e+04  -2.73942480e-07   1.8264e-05   5.80
 GE10     2.60e+01   2.67e+01  -5.36158052e+04  -3.61453602e-07   1.1244e-05   5.77
 GE11     2.60e+01   2.67e+01  -5.36158052e+04  -6.15003219e-09   9.7355e-06   5.80
 GE12     2.60e+01   2.67e+01  -5.36158052e+04   7.90223452e-08   8.7305e-06   5.78
 GE13     2.60e+01   2.67e+01  -5.36158052e+04   8.49310784e-08   6.1974e-06   5.82
 GE14     2.60e+01   2.67e+01  -5.36158052e+04   5.81406967e-08   4.0036e-06   5.80
 GE15     2.60e+01   2.67e+01  -5.36158052e+04   7.13750215e-08   2.3381e-06   5.78
 GE16     2.60e+01   2.67e+01  -5.36158052e+04   5.79860178e-08   1.9156e-06   5.80
 GE17     2.60e+01   2.67e+01  -5.36158052e+04   6.83061926e-08   1.7002e-06   5.78
 GE18     2.60e+01   2.67e+01  -5.36158052e+04   1.08176220e-07   1.4958e-06   5.82
 GE19     2.60e+01   2.67e+01  -5.36158052e+04   1.56862944e-07   1.0867e-06   5.78
 GE20     2.60e+01   2.67e+01  -5.36158052e+04   1.77825025e-07   6.8457e-07   5.79
 GE21     2.60e+01   2.67e+01  -5.36158052e+04   6.33069712e-08   5.9834e-07   5.80
 GE22     2.60e+01   2.67e+01  -5.36158052e+04   6.17849311e-08   4.0707e-07   5.79
 GE23     2.60e+01   2.67e+01  -5.36158052e+04   7.44252890e-08   3.3665e-07   5.82
 GE24     2.60e+01   2.67e+01  -5.36158052e+04   6.76936642e-08   2.9760e-07   5.81
 GE25     2.60e+01   2.67e+01  -5.36158052e+04   7.72528189e-08   2.4934e-07   5.82
 GE26     2.60e+01   2.67e+01  -5.36158052e+04   1.15093460e-07   2.0302e-07   5.80
 GE27     2.60e+01   2.67e+01  -5.36158052e+04   5.36116991e-08   1.3854e-07   5.79
 GE28     2.60e+01   2.67e+01  -5.36158052e+04   4.32544015e-08   1.1428e-07   5.83
 GE29     2.60e+01   2.67e+01  -5.36158052e+04   2.60046130e-08   1.0554e-07   5.80
 GE30     2.60e+01   2.67e+01  -5.36158052e+04   2.07801792e-07   9.0308e-08   5.74
----------------------------------------------------------------
 TOTAL-STRESS (KBAR)                                            
----------------------------------------------------------------
         2.4082208771        -0.0005733272         0.0001392990 
        -0.0005733272         2.4073470797         0.0000223840 
         0.0001392990         0.0000223840         0.4681582360 
----------------------------------------------------------------
 TOTAL-PRESSURE: 1.761242 KBAR


 LARGEST GRAD (eV/A)  : 0.103491
 -------------------------------------------
 RELAX CELL : 1
 RELAX IONS : 10 (in total: 10)
 -------------------------------------------
 DONE(2382.061262 SEC) : INIT SCF
 ITER      TMAG       AMAG        ETOT/eV          EDIFF/eV         DRHO     TIME/s
 GE1      2.60e+01   2.67e+01  -5.36158058e+04   0.00000000e+00   1.6510e-04   6.11
 GE2      2.60e+01   2.67e+01  -5.36158056e+04   1.45847518e-04   3.3679e-04   5.74
 GE3      2.60e+01   2.67e+01  -5.36158059e+04  -2.42288883e-04   2.3174e-04   5.77
 GE4      2.60e+01   2.67e+01  -5.36158060e+04  -9.25889326e-05   6.4934e-05   5.79
 GE5      2.60e+01   2.67e+01  -5.36158060e+04  -1.27323609e-06   6.6397e-05   5.76
 GE6      2.60e+01   2.67e+01  -5.36158060e+04   8.94396583e-07   4.2724e-05   5.77
 GE7      2.60e+01   2.67e+01  -5.36158060e+04   6.86347305e-07   3.2853e-05   5.74
 GE8      2.60e+01   2.67e+01  -5.36158060e+04   7.03386730e-07   2.0848e-05   5.80
 GE9      2.60e+01   2.67e+01  -5.36158059e+04   9.21397328e-07   1.7269e-05   5.76
 GE10     2.60e+01   2.67e+01  -5.36158059e+04   7.88936524e-07   1.2609e-05   5.75
 GE11     2.60e+01   2.67e+01  -5.36158059e+04   4.41639133e-07   8.7363e-06   5.78
 GE12     2.60e+01   2.67e+01  -5.36158059e+04   5.11714852e-07   6.9887e-06   5.75
 GE13     2.60e+01   2.67e+01  -5.36158059e+04   8.54013022e-07   6.4254e-06   5.80
 GE14     2.60e+01   2.67e+01  -5.36158059e+04   1.15386112e-06   5.2285e-06   5.75
 GE15     2.60e+01   2.67e+01  -5.36158059e+04   9.41400401e-07   3.6016e-06   5.79
 GE16     2.60e+01   2.67e+01  -5.36158059e+04   4.58332077e-07   2.1985e-06   5.77
 GE17     2.60e+01   2.67e+01  -5.36158059e+04   2.86787014e-07   1.7460e-06   5.75
 GE18     2.60e+01   2.67e+01  -5.36158059e+04   3.07662476e-07   1.5222e-06   5.78
 GE19     2.60e+01   2.67e+01  -5.36158059e+04   4.21803113e-07   1.1658e-06   5.77
 GE20     2.60e+01   2.67e+01  -5.36158059e+04   5.48726414e-07   8.8897e-07   5.77
 GE21     2.60e+01   2.67e+01  -5.36158059e+04   5.03516871e-07   7.0553e-07   5.77
 GE22     2.60e+01   2.67e+01  -5.36158059e+04   3.31668637e-07   5.3208e-07   5.80
 GE23     2.60e+01   2.67e+01  -5.36158059e+04   2.04850519e-07   3.8981e-07   5.80
 GE24     2.60e+01   2.67e+01  -5.36158059e+04   1.28234977e-07   3.2341e-07   5.77
 GE25     2.60e+01   2.67e+01  -5.36158059e+04   1.25512629e-07   2.8345e-07   5.82
 GE26     2.60e+01   2.67e+01  -5.36158059e+04   1.92463834e-07   2.5284e-07   5.78
 GE27     2.60e+01   2.67e+01  -5.36158059e+04   2.16742231e-07   1.8759e-07   5.80
 GE28     2.60e+01   2.67e+01  -5.36158059e+04   1.78579858e-07   1.5084e-07   5.79
 GE29     2.60e+01   2.67e+01  -5.36158059e+04   1.05447685e-07   1.2299e-07   5.79
 GE30     2.60e+01   2.67e+01  -5.36158059e+04   1.17289900e-07   1.0295e-07   5.79
 GE31     2.60e+01   2.67e+01  -5.36158059e+04   3.40825627e-07   7.8579e-08   5.70
----------------------------------------------------------------
 TOTAL-STRESS (KBAR)                                            
----------------------------------------------------------------
         2.1660168848        -0.0005855514         0.0001634416 
        -0.0005855514         2.1651239765         0.0000111792 
         0.0001634416         0.0000111792         0.2610627537 
----------------------------------------------------------------
 TOTAL-PRESSURE: 1.530735 KBAR


 LARGEST GRAD (eV/A)  : 0.094046
 -------------------------------------------
 RELAX CELL : 1
 RELAX IONS : 11 (in total: 11)
 -------------------------------------------
 DONE(2595.994199 SEC) : INIT SCF
 ITER      TMAG       AMAG        ETOT/eV          EDIFF/eV         DRHO     TIME/s
 GE1      2.60e+01   2.67e+01  -5.36158062e+04   0.00000000e+00   1.5019e-04   6.13
 GE2      2.60e+01   2.67e+01  -5.36158062e+04   8.46909549e-06   2.7427e-04   5.77
 GE3      2.60e+01   2.67e+01  -5.36158063e+04  -1.10071995e-04   7.3040e-05   5.74
 GE4      2.60e+01   2.67e+01  -5.36158063e+04   2.26469243e-05   1.5534e-04   5.77
 GE5      2.60e+01   2.67e+01  -5.36158063e+04  -2.68053855e-05   5.8096e-05   5.76
 GE6      2.60e+01   2.67e+01  -5.36158063e+04   3.87177318e-06   4.7860e-05   5.74
 GE7      2.60e+01   2.67e+01  -5.36158063e+04   1.76571508e-06   3.8320e-05   5.77
 GE8      2.60e+01   2.67e+01  -5.36158063e+04   7.81239703e-07   2.3518e-05   5.79
 GE9      2.60e+01   2.67e+01  -5.36158063e+04   7.77725399e-07   1.7010e-05   5.80
 GE10     2.60e+01   2.67e+01  -5.36158063e+04   5.77026461e-07   1.3439e-05   5.76
 GE11     2.60e+01   2.67e+01  -5.36158063e+04   3.99151938e-07   1.0161e-05   5.76
 GE12     2.60e+01   2.67e+01  -5.36158063e+04   6.15770426e-07   9.6111e-06   5.80
 GE13     2.60e+01   2.67e+01  -5.36158063e+04   1.02548384e-06   7.6459e-06   5.75
 GE14     2.60e+01   2.67e+01  -5.36158063e+04   1.06988286e-06   4.9727e-06   5.81
 GE15     2.60e+01   2.67e+01  -5.36158063e+04   4.62687834e-07   3.3385e-06   5.76
 GE16     2.60e+01   2.67e+01  -5.36158063e+04   3.24107934e-07   2.1456e-06   5.79
 GE17     2.60e+01   2.67e+01  -5.36158063e+04   2.44609178e-07   1.6667e-06   5.76
 GE18     2.60e+01   2.67e+01  -5.36158063e+04   2.79356241e-07   1.4913e-06   5.76
 GE19     2.60e+01   2.67e+01  -5.36158063e+04   3.21441270e-07   1.0756e-06   5.81
 GE20     2.60e+01   2.67e+01  -5.36158063e+04   4.13382395e-07   8.0284e-07   5.76
 GE21     2.60e+01   2.67e+01  -5.36158063e+04   2.86025994e-07   6.6299e-07   5.81
 GE22     2.60e+01   2.67e+01  -5.36158063e+04   1.40015320e-07   4.5566e-07   5.77
 GE23     2.60e+01   2.67e+01  -5.36158063e+04   1.06790297e-07   3.5461e-07   5.81
 GE24     2.60e+01   2.67e+01  -5.36158063e+04   7.96410607e-08   3.0400e-07   5.78
 GE25     2.60e+01   2.67e+01  -5.36158063e+04   1.19480153e-07   2.6997e-07   5.78
 GE26     2.60e+01   2.67e+01  -5.36158063e+04   1.32986712e-07   2.2176e-07   5.82
 GE27     2.60e+01   2.67e+01  -5.36158063e+04   1.48733022e-07   1.7919e-07   5.78
 GE28     2.60e+01   2.67e+01  -5.36158063e+04   1.08293776e-07   1.4066e-07   5.81
 GE29     2.60e+01   2.67e+01  -5.36158063e+04   1.00640265e-07   1.0880e-07   5.78
 GE30     2.60e+01   2.67e+01  -5.36158063e+04   2.87071623e-07   9.5619e-08   5.73
----------------------------------------------------------------
 TOTAL-STRESS (KBAR)                                            
----------------------------------------------------------------
         2.0199832702        -0.0005956970         0.0001845247 
        -0.0005956970         2.0190735868         0.0000040678 
         0.0001845247         0.0000040678         0.1439057962 
----------------------------------------------------------------
 TOTAL-PRESSURE: 1.394321 KBAR


 LARGEST GRAD (eV/A)  : 0.043297
 -------------------------------------------
 RELAX CELL : 1
 RELAX IONS : 12 (in total: 12)
 -------------------------------------------
 DONE(2804.080218 SEC) : INIT SCF
 ITER      TMAG       AMAG        ETOT/eV          EDIFF/eV         DRHO     TIME/s
 GE1      2.60e+01   2.67e+01  -5.36158064e+04   0.00000000e+00   1.5200e-04   6.09
 GE2      2.60e+01   2.67e+01  -5.36158064e+04   7.46019013e-05   2.0057e-04   5.74
 GE3      2.60e+01   2.67e+01  -5.36158063e+04   1.93977646e-05   2.0366e-04   5.74
 GE4      2.60e+01   2.67e+01  -5.36158064e+04  -7.48593798e-05   1.7004e-04   5.76
 GE5      2.60e+01   2.67e+01  -5.36158064e+04  -2.50145320e-05   8.0992e-05   5.73
 GE6      2.60e+01   2.67e+01  -5.36158064e+04   6.58387551e-06   5.3778e-05   5.77
 GE7      2.60e+01   2.67e+01  -5.36158064e+04   2.60980390e-06   4.0025e-05   5.75
 GE8      2.60e+01   2.67e+01  -5.36158064e+04  -2.70372492e-07   2.3175e-05   5.76
 GE9      2.60e+01   2.67e+01  -5.36158064e+04   1.57172302e-07   1.7022e-05   5.76
 GE10     2.60e+01   2.67e+01  -5.36158064e+04   1.97642483e-07   1.3542e-05   5.75
 GE11     2.60e+01   2.67e+01  -5.36158064e+04   4.31028162e-07   1.2125e-05   5.77
 GE12     2.60e+01   2.67e+01  -5.36158064e+04   7.69434611e-07   1.1304e-05   5.77
 GE13     2.60e+01   2.67e+01  -5.36158064e+04   7.89808913e-07   6.9927e-06   5.77
 GE14     2.60e+01   2.67e+01  -5.36158064e+04   5.00726464e-07   5.6126e-06   5.75
 GE15     2.60e+01   2.67e+01  -5.36158064e+04   1.55260471e-07   2.9930e-06   5.76
 GE16     2.60e+01   2.67e+01  -5.36158064e+04   9.94708929e-08   2.3354e-06   5.78
 GE17     2.60e+01   2.67e+01  -5.36158064e+04   1.26168467e-07   1.9476e-06   5.76
 GE18     2.60e+01   2.67e+01  -5.36158064e+04   1.25735366e-07   1.8488e-06   5.79
 GE19     2.60e+01   2.67e+01  -5.36158064e+04   1.56708265e-07   1.2334e-06   5.75
 GE20     2.60e+01   2.67e+01  -5.36158064e+04   1.15569871e-07   7.3451e-07   5.78
 GE21     2.60e+01   2.67e+01  -5.36158064e+04   7.88924150e-08   6.9778e-07   5.78
 GE22     2.60e+01   2.67e+01  -5.36158064e+04   4.54446544e-08   4.2439e-07   5.78
 GE23     2.60e+01   2.67e+01  -5.36158064e+04   7.17709994e-09   3.5970e-07   5.78
 GE24     2.60e+01   2.67e+01  -5.36158064e+04   1.99535753e-08   3.0669e-07   5.77
 GE25     2.60e+01   2.67e+01  -5.36158064e+04   2.34183821e-08   2.7188e-07   5.78
 GE26     2.60e+01   2.67e+01  -5.36158064e+04   3.62938519e-08   2.2043e-07   5.77
 GE27     2.60e+01   2.67e+01  -5.36158064e+04   2.44887600e-08   1.5325e-07   5.77
 GE28     2.60e+01   2.67e+01  -5.36158064e+04   6.42845417e-09   1.2265e-07   5.78
 GE29     2.60e+01   2.67e+01  -5.36158064e+04  -4.23201410e-09   1.1031e-07   5.77
 GE30     2.60e+01   2.67e+01  -5.36158064e+04  -1.18484021e-08   9.5157e-08   5.71
----------------------------------------------------------------
 TOTAL-STRESS (KBAR)                                            
----------------------------------------------------------------
         1.9964652137        -0.0006018504         0.0001940652 
        -0.0006018504         1.9955365381         0.0000037282 
         0.0001940652         0.0000037282         0.1095658474 
----------------------------------------------------------------
 TOTAL-PRESSURE: 1.367189 KBAR


 LARGEST GRAD (eV/A)  : 0.010132
TIME STATISTICS
--------------------------------------------------------------------------------------
    CLASS_NAME                    NAME                TIME/s   CALLS    AVG/s  PER/%  
--------------------------------------------------------------------------------------
                   total                              3030.16 35       86.58   100.00 
 Driver            reading                            0.58    1        0.58    0.02   
 Input_Conv        Convert                            0.00    1        0.00    0.00   
 Driver            driver_line                        3029.58 1        3029.58 99.98  
 UnitCell          check_tau                          0.00    1        0.00    0.00   
 ESolver_KS_LCAO   before_all_runners                 2.33    1        2.33    0.08   
 PW_Basis_Sup      setuptransform                     0.05    1        0.05    0.00   
 PW_Basis_Sup      distributeg                        0.02    1        0.02    0.00   
 mymath            heapsort                           0.01    45       0.00    0.00   
 Charge_Mixing     init_mixing                        0.00    1        0.00    0.00   
 Symmetry          analy_sys                          0.02    1        0.02    0.00   
 PW_Basis_K        setuptransform                     0.02    1        0.02    0.00   
 PW_Basis_K        distributeg                        0.01    1        0.01    0.00   
 PW_Basis          setup_struc_factor                 1.60    12       0.13    0.05   
 NOrbital_Lm       extra_uniform                      0.08    23       0.00    0.00   
 Mathzone_Add1     SplineD2                           0.00    23       0.00    0.00   
 Mathzone_Add1     Cubic_Spline_Interpolation         0.00    23       0.00    0.00   
 Mathzone_Add1     Uni_Deriv_Phi                      0.07    23       0.00    0.00   
 DFTU              zero_locale                        0.00    1        0.00    0.00   
 ppcell_vl         init_vloc                          1.49    1        1.49    0.05   
 Ions              opt_ions                           3005.11 1        3005.11 99.17  
 ESolver_KS_LCAO   runner                             2695.94 12       224.66  88.97  
 ESolver_KS_LCAO   before_scf                         47.71   12       3.98    1.57   
 atom_arrange      search                             0.01    12       0.00    0.00   
 atom_arrange      grid_d.init                        0.01    12       0.00    0.00   
 Grid              Construct_Adjacent_expand          0.01    12       0.00    0.00   
 Grid              Construct_Adjacent_expand_periodic 0.01    972      0.00    0.00   
 Grid_Technique    init                               0.16    12       0.01    0.01   
 Grid_BigCell      grid_expansion_index               0.05    24       0.00    0.00   
 Grid_Driver       Find_atom                          0.02    10344    0.00    0.00   
 Record_adj        for_2d                             0.16    12       0.01    0.01   
 LCAO_domain       grid_prepare                       0.00    12       0.00    0.00   
 Veff              initialize_HR                      0.00    12       0.00    0.00   
 OverlapNew        initialize_SR                      0.00    12       0.00    0.00   
 EkineticNew       initialize_HR                      0.00    12       0.00    0.00   
 NonlocalNew       initialize_HR                      0.01    12       0.00    0.00   
 DFTU              initialize_HR                      0.00    24       0.00    0.00   
 Charge            set_rho_core                       15.56   12       1.30    0.51   
 PW_Basis_Sup      recip2real                         23.87   6255     0.00    0.79   
 PW_Basis_Sup      gathers_scatterp                   12.28   6255     0.00    0.41   
 Charge            atomic_rho                         43.13   24       1.80    1.42   
 Potential         init_pot                           2.70    12       0.23    0.09   
 Potential         update_from_charge                 100.65  459      0.22    3.32   
 Potential         cal_fixed_v                        0.07    12       0.01    0.00   
 PotLocal          cal_fixed_v                        0.07    12       0.01    0.00   
 Potential         cal_v_eff                          100.38  459      0.22    3.31   
 H_Hartree_pw      v_hartree                          4.49    459      0.01    0.15   
 PW_Basis_Sup      real2recip                         24.35   6750     0.00    0.80   
 PW_Basis_Sup      gatherp_scatters                   12.08   6750     0.00    0.40   
 PotXC             cal_v_eff                          95.32   459      0.21    3.15   
 XC_Functional     v_xc                               100.05  483      0.21    3.30   
 Potential         interpolate_vrs                    0.20    459      0.00    0.01   
 Symmetry          rhog_symmetry                      188.12  918      0.20    6.21   
 Symmetry          group fft grids                    89.14   918      0.10    2.94   
 H_Ewald_pw        compute_ewald                      0.03    12       0.00    0.00   
 HSolverLCAO       solve                              2249.42 447      5.03    74.23  
 HamiltLCAO        updateHk                           369.10  8940     0.04    12.18  
 OperatorLCAO      init                               321.21  35760    0.01    10.60  
 Veff              contributeHR                       317.67  894      0.36    10.48  
 Gint_interface    cal_gint                           367.60  1365     0.27    12.13  
 Gint_interface    cal_gint_vlocal                    182.56  894      0.20    6.02   
 Gint_Tools        cal_psir_ylm                       96.46   3475872  0.00    3.18   
 Gint_k            transfer_pvpR                      135.04  894      0.15    4.46   
 OverlapNew        calculate_SR                       0.63    12       0.05    0.02   
 OverlapNew        contributeHk                       2.79    8940     0.00    0.09   
 EkineticNew       contributeHR                       0.63    894      0.00    0.02   
 EkineticNew       calculate_HR                       0.63    12       0.05    0.02   
 NonlocalNew       contributeHR                       1.81    894      0.00    0.06   
 NonlocalNew       calculate_HR                       1.66    12       0.14    0.05   
 OperatorLCAO      contributeHk                       4.08    8940     0.00    0.13   
 HSolverLCAO       hamiltSolvePsiK                    1494.83 8940     0.17    49.33  
 DiagoElpa         elpa_solve                         1479.96 8940     0.17    48.84  
 elecstate         cal_dm                             83.08   459      0.18    2.74   
 psiMulPsiMpi      pdgemm                             82.21   9180     0.01    2.71   
 DensityMatrix     cal_DMR                            3.16    470      0.01    0.10   
 ElecStateLCAO     psiToRho                           299.28  447      0.67    9.88   
 Gint              transfer_DMR                       6.28    447      0.01    0.21   
 Gint_interface    cal_gint_rho                       169.39  447      0.38    5.59   
 Charge_Mixing     get_drho                           0.28    447      0.00    0.01   
 Charge            mix_rho                            21.06   435      0.05    0.70   
 Charge            Broyden_mixing                     8.48    435      0.02    0.28   
 DFTU              contributeHR                       40.33   892      0.05    1.33   
 DFTU              cal_nlm_all                        1.48    12       0.12    0.05   
 DFTU              cal_occ                            25.28   23192    0.00    0.83   
 DFTU              cal_vu                             13.56   23192    0.00    0.45   
 ModuleIO          write_rhog                         4.70    12       0.39    0.16   
 ESolver_KS_LCAO   after_scf                          52.24   12       4.35    1.72   
 ESolver_KS_LCAO   cal_force                          308.85  12       25.74   10.19  
 Force_Stress_LCAO getForceStress                     308.84  12       25.74   10.19  
 Forces            cal_force_loc                      1.24    12       0.10    0.04   
 Forces            cal_force_ew                       1.17    12       0.10    0.04   
 Forces            cal_force_cc                       19.02   12       1.58    0.63   
 Forces            cal_force_scc                      21.08   12       1.76    0.70   
 Stress_Func       stress_loc                         115.78  12       9.65    3.82   
 Stress_Func       stress_har                         0.07    12       0.01    0.00   
 Stress_Func       stress_ewa                         0.95    12       0.08    0.03   
 Stress_Func       stress_cc                          110.31  12       9.19    3.64   
 Stress_Func       stress_gga                         1.48    12       0.12    0.05   
 Force_LCAO        ftable                             28.57   12       2.38    0.94   
 Force_LCAO        allocate                           1.69    12       0.14    0.06   
 LCAO_domain       build_ST_new                       1.68    24       0.07    0.06   
 Force_LCAO        cal_pulay_fs_center2               0.04    24       0.00    0.00   
 Gint_interface    cal_gint_force                     15.58   24       0.65    0.51   
 Gint_Tools        cal_dpsir_ylm                      5.95    62208    0.00    0.20   
 Gint_Tools        cal_dpsirr_ylm                     1.90    62208    0.00    0.06   
 DensityMatrix     switch_dmr                         0.00    24       0.00    0.00   
 NonlocalNew       cal_force_stress                   2.99    12       0.25    0.10   
 DFTU              cal_force_stress                   6.18    12       0.51    0.20   
 ESolver_KS_LCAO   cal_stress                         0.00    12       0.00    0.00   
 Charge_Extra      extrapolate_charge                 21.23   11       1.93    0.70   
 ESolver_KS_LCAO   after_all_runners                  22.06   1        22.06   0.73   
 HamiltLCAO        updateSk                           0.01    20       0.00    0.00   
--------------------------------------------------------------------------------------


 START  Time  : Fri Mar  6 11:54:54 2026
 FINISH Time  : Fri Mar  6 12:45:25 2026
 TOTAL  Time  : 3031
 SEE INFORMATION IN : OUT.CeZr/
